<?xml version="1.0" encoding="UTF-8"?>
<testng-results skipped="0" failed="0" ignored="0" total="1" passed="1">
  <reporter-output>
  </reporter-output>
  <suite name="Default suite" duration-ms="42923" started-at="2021-09-14T13:27:04 IST" finished-at="2021-09-14T13:27:47 IST">
    <groups>
    </groups>
    <test name="Default test" duration-ms="42923" started-at="2021-09-14T13:27:04 IST" finished-at="2021-09-14T13:27:47 IST">
      <class name="functionalTests.UserMyBookingHistory">
        <test-method status="PASS" signature="beforeMethod()[pri:0, instance:functionalTests.UserMyBookingHistory@27a8c74e]" name="beforeMethod" is-config="true" duration-ms="9940" started-at="2021-09-14T13:27:05 IST" finished-at="2021-09-14T13:27:15 IST">
          <reporter-output>
          </reporter-output>
        </test-method> <!-- beforeMethod -->
        <test-method status="PASS" signature="f()[pri:0, instance:functionalTests.UserMyBookingHistory@27a8c74e]" name="f" duration-ms="31328" started-at="2021-09-14T13:27:15 IST" finished-at="2021-09-14T13:27:46 IST">
          <reporter-output>
          </reporter-output>
        </test-method> <!-- f -->
        <test-method status="PASS" signature="afterMethod()[pri:0, instance:functionalTests.UserMyBookingHistory@27a8c74e]" name="afterMethod" is-config="true" duration-ms="1502" started-at="2021-09-14T13:27:46 IST" finished-at="2021-09-14T13:27:47 IST">
          <reporter-output>
          </reporter-output>
        </test-method> <!-- afterMethod -->
      </class> <!-- functionalTests.UserMyBookingHistory -->
    </test> <!-- Default test -->
  </suite> <!-- Default suite -->
</testng-results>
